1 SCROLL_LEFT_RIGHT 500 Rect(48, 860 - 1032, 882) 69346401647406
2 CLICK 500 Rect(48, 548 - 888, 980) 69347588653291
3 SCROLL_LEFT_RIGHT 0 Rect(48, 860 - 1032, 882) 69348849278082
4 CLICK 2452 Rect(49, 550 - 888, 694) 69349426686152
5 CLICK 500 Rect(48, 252 - 1032, 388) 69352693419694
6 SCROLL_TOP_DOWN 500 Rect(48, 572 - 1032, 692) 69353923011985
7 CLICK 500 Rect(540, 412 - 1032, 548) 69355118137454
8 CLICK 500 Rect(48, 572 - 1032, 692) 69356372795318
9 CLICK 0 Rect(48, 572 - 888, 716) 69357214415683
10 CLICK 500 Rect(738, 1580 - 834, 1629) 69358758994224
11 CLICK 500 Rect(902, 1580 - 998, 1629) 69359822585109
12 CLICK 500 Rect(48, 1292 - 1032, 1412) 69360902004535
13 CLICK 500 Rect(48, 1268 - 888, 1412) 69361814530420
14 CLICK 0 Rect(48, 1292 - 1032, 1412) 69362862826722
15 CLICK 500 Rect(53, 999 - 888, 1143) 69363327767711
16 CLICK 0 Rect(48, 1292 - 1032, 1412) 69364389190315
17 CLICK 500 Rect(59, 1167 - 888, 1311) 69364847611772
18 CLICK 0 Rect(48, 1292 - 1032, 1412) 69365896999116
19 CLICK 500 Rect(59, 879 - 888, 1023) 69366362396564
20 CLICK 0 Rect(48, 1292 - 1032, 1412) 69367370133960
21 CLICK 0 Rect(58, 1022 - 888, 1166) 69367840003595
22 CLICK 0 Rect(48, 1292 - 1032, 1412) 69368416973126
23 CLICK 0 Rect(58, 1310 - 888, 1412) 69368857192032
24 CLICK 0 Rect(48, 1292 - 1032, 1412) 69369419862137
25 CLICK 0 Rect(58, 1022 - 888, 1166) 69369874438282
26 CLICK 0 Rect(48, 1292 - 1032, 1412) 69370415190104
27 CLICK 0 Rect(56, 1297 - 888, 1412) 69370880581719
28 CLICK 0 Rect(48, 1292 - 1032, 1412) 69371448396719
29 CLICK 0 Rect(56, 1297 - 888, 1412) 69371877636822
30 CLICK 0 Rect(48, 1292 - 1032, 1412) 69372390500990
31 CLICK 500 Rect(58, 878 - 888, 1412) 69372832911875
32 SCROLL_RIGHT_LEFT 500 Rect(48, 860 - 1032, 980) 69373846215623
33 CLICK 500 Rect(48, 1004 - 888, 1148) 69374935333749
34 SCROLL_RIGHT_LEFT 0 Rect(48, 860 - 1032, 980) 69375977017081
35 CLICK 500 Rect(55, 1129 - 888, 1273) 69376581190154
36 SCROLL_LEFT_RIGHT 500 Rect(48, 1292 - 1032, 1412) 69377630737810
37 CLICK 0 Rect(48, 1268 - 888, 1412) 69378765935466
38 CLICK 500 Rect(816, 84 - 960, 228) 69379331325570
39 CLICK 500 Rect(82, 1148 - 178, 1268) 69380363150205
40 CLICK 500 Rect(410, 1580 - 506, 1629) 69381456122965
41 SCROLL_BOTTOM_UP 500 Rect(0, 240 - 1080, 1629) 69382591883173
42 CLICK 500 Rect(48, 716 - 1032, 836) 69383767047703
43 SCROLL_TOP_DOWN 500 Rect(0, 240 - 1080, 1629) 69384835580099
44 CLICK 500 Rect(246, 1148 - 342, 1268) 69386087387702
45 CLICK 500 Rect(540, 412 - 1032, 548) 69387132785879
46 CLICK 500 Rect(0, 1632 - 1080, 1776) 69388152049785
47 SCROLL_TOP_DOWN 500 Rect(48, 860 - 1032, 980) 69389235305722
48 CLICK 500 Rect(574, 1580 - 670, 1629) 69390424675722
49 CLICK 500 Rect(902, 1148 - 998, 1268) 69391502769211
50 SCROLL_BOTTOM_UP 500 Rect(48, 1292 - 1032, 1412) 69392640143846
51 CLICK 500 Rect(0, 72 - 168, 240) 69393921242023
52 CLICK 500 Rect(0, 72 - 720, 1776) 69394857294522
53 CLICK 500 Rect(0, 72 - 168, 240) 69395777578167
54 CLICK 0 Rect(0, 72 - 720, 1776) 69396734119053
55 SCROLL_TOP_DOWN 500 Rect(0, 72 - 136, 1776) 69397443921761
56 CLICK 500 Rect(48, 252 - 192, 372) 69398488732282
57 CLICK 500 Rect(912, 252 - 1008, 372) 69399539556447
58 CLICK 500 Rect(672, 84 - 816, 228) 69400559941759
59 CLICK 500 Rect(816, 84 - 960, 228) 69402333246394
60 CLICK 500 Rect(84, 856 - 996, 989) 69403202681030
61 CLICK 500 Rect(513, 1037 - 744, 1181) 69404078621759
62 CLICK 0 Rect(816, 84 - 960, 228) 69404966599726
63 CLICK 500 Rect(744, 1037 - 960, 1181) 69405349614623
64 CLICK 500 Rect(0, 387 - 1080, 531) 69406246029205
65 CLICK 500 Rect(192, 252 - 888, 372) 69407193680559
66 BACK 69408555611600
67 CLICK 0 Rect(0, 72 - 168, 240) 69408896532486
68 SCROLL_BOTTOM_UP 500 Rect(0, 72 - 720, 1029) 69409629642278
69 CLICK 500 Rect(0, 360 - 720, 504) 69410742203943
70 BACK 69411699990558
71 CLICK 500 Rect(0, 72 - 720, 1776) 69412062034933
72 CLICK 0 Rect(0, 72 - 168, 240) 69412937898474
73 CLICK 500 Rect(48, 252 - 192, 372) 69413512880869
74 CLICK 500 Rect(720, 1632 - 1080, 1776) 69414484817640
75 CLICK 500 Rect(513, 966 - 744, 1110) 69415361933629
76 CLICK 0 Rect(720, 1632 - 1080, 1776) 69416308277952
77 CLICK 500 Rect(744, 966 - 960, 1110) 69416703613368
78 CLICK 0 Rect(720, 1632 - 1080, 1776) 69417630133368
79 CLICK 500 Rect(120, 966 - 336, 1110) 69418038542691
80 CLICK 0 Rect(720, 1632 - 1080, 1776) 69418984977898
81 CLICK 500 Rect(84, 785 - 996, 918) 69419362788888
82 BACK 69420225092064
83 CLICK 500 Rect(225, 280 - 460, 424) 69420609824044
84 CLICK 500 Rect(84, 481 - 900, 617) 69421720771178
85 CLICK 500 Rect(744, 641 - 960, 785) 69422698561230
86 CLICK 0 Rect(48, 280 - 638, 424) 69423619035084
87 CLICK 500 Rect(912, 493 - 984, 605) 69424158924459
88 CLICK 500 Rect(513, 641 - 744, 785) 69425390391698
89 CLICK 500 Rect(242, 395 - 444, 635) 69426350620396
90 CLICK 0 Rect(513, 707 - 744, 851) 69427453680135
91 CLICK 500 Rect(48, 753 - 341, 897) 69427951705656
92 CLICK 500 Rect(242, 1089 - 444, 1329) 69428978355135
93 BACK 69429910763572
94 CLICK 0 Rect(744, 1014 - 960, 1158) 69430241026332
95 CLICK 500 Rect(360, 1632 - 720, 1776) 69432661689456
96 CLICK 0 Rect(48, 1447 - 341, 1591) 69433712502112
97 CLICK 500 Rect(641, 258 - 1029, 919) 69434193437580
98 CLICK 500 Rect(816, 84 - 960, 228) 69435197754715
99 SCROLL_BOTTOM_UP 500 Rect(0, 240 - 1080, 1629) 69436185468308
100 CLICK 500 Rect(48, 754 - 341, 898) 69437390142579
101 CLICK 500 Rect(344, 607 - 638, 751) 69438404192839
102 CLICK 500 Rect(641, 459 - 1029, 556) 69439463937005
103 SCROLL_TOP_DOWN 500 Rect(0, 240 - 1080, 1629) 69440471208723
104 CLICK 500 Rect(292, 395 - 393, 635) 69441685128410
105 CLICK 500 Rect(912, 493 - 984, 605) 69442837587629
106 CLICK 500 Rect(513, 641 - 744, 785) 69443878579816
107 CLICK 0 Rect(292, 396 - 393, 636) 69444956742420
108 CLICK 500 Rect(744, 707 - 960, 851) 69445562044451
109 CLICK 0 Rect(292, 1090 - 393, 1330) 69446619107263
110 CLICK 500 Rect(84, 547 - 900, 683) 69447233555440
111 BACK 69448339457784
112 CLICK 0 Rect(513, 1014 - 744, 1158) 69448724581325
113 CLICK 500 Rect(641, 953 - 1029, 1614) 69449325298460
114 CLICK 500 Rect(720, 1632 - 1080, 1776) 69450396310178
115 CLICK 0 Rect(513, 966 - 744, 1110) 69451307264605
116 CLICK 500 Rect(0, 1632 - 360, 1776) 69451944265646
117 CLICK 500 Rect(720, 1632 - 1080, 1776) 69452986078875
118 CLICK 0 Rect(744, 966 - 960, 1110) 69453864487260
119 CLICK 500 Rect(641, 952 - 1029, 1613) 69454372693249
120 CLICK 500 Rect(0, 72 - 168, 240) 69455363082885
121 CLICK 500 Rect(0, 72 - 720, 1776) 69456310277103
122 CLICK 0 Rect(0, 72 - 168, 240) 69457265349394
123 CLICK 0 Rect(48, 252 - 192, 372) 69457876946217
124 CLICK 0 Rect(0, 72 - 207, 1776) 69458561307050
125 CLICK 500 Rect(360, 1632 - 720, 1776) 69459513883454
126 CLICK 500 Rect(48, 606 - 341, 750) 69460541088768
127 CLICK 500 Rect(641, 258 - 1029, 355) 69461569254289
128 CLICK 500 Rect(225, 974 - 460, 1118) 69462585203975
129 BACK 69463836351371
130 CLICK 500 Rect(513, 1014 - 744, 1158) 69464242645225
131 CLICK 500 Rect(720, 1632 - 1080, 1776) 69465404430328
132 CLICK 500 Rect(513, 966 - 744, 1110) 69466325543818
133 CLICK 500 Rect(48, 1300 - 341, 1444) 69467480992255
134 CLICK 500 Rect(344, 753 - 638, 897) 69468545433765
135 CLICK 500 Rect(960, 84 - 1080, 228) 69469571064650
136 CLICK 500 Rect(480, 84 - 1068, 228) 69470462735014
137 CLICK 500 Rect(84, 985 - 996, 1129) 69471356067201
138 CLICK 500 Rect(0, 1632 - 360, 1776) 69472297461888
139 CLICK 0 Rect(48, 606 - 341, 750) 69473298674909
140 CLICK 500 Rect(48, 753 - 341, 897) 69473806131367
141 CLICK 500 Rect(344, 606 - 638, 750) 69474772774596
142 BACK 69475729493033
143 CLICK 0 Rect(360, 1632 - 720, 1776) 69476133311731
144 CLICK 0 Rect(0, 1632 - 360, 1776) 69487256815893
145 CLICK 500 Rect(641, 258 - 1029, 355) 69488202628862
146 CLICK 500 Rect(225, 280 - 460, 424) 69489274188444
147 CLICK 500 Rect(513, 641 - 744, 785) 69490605937507
148 CLICK 500 Rect(48, 606 - 341, 750) 69491914774641
149 CLICK 500 Rect(0, 1632 - 360, 1776) 69493014645682
150 CLICK 500 Rect(48, 606 - 341, 750) 69494106976619
151 CLICK 500 Rect(641, 258 - 1029, 919) 69495198561099
152 CLICK 500 Rect(720, 1632 - 1080, 1776) 69496288653234
153 CLICK 0 Rect(120, 966 - 336, 1110) 69497192291410
154 CLICK 500 Rect(0, 1632 - 360, 1776) 69497628984119
155 CLICK 500 Rect(672, 84 - 816, 228) 69498647330367
156 CLICK 500 Rect(816, 84 - 960, 228) 69500565012346
157 CLICK 500 Rect(344, 1447 - 638, 1591) 69501544171200
158 CLICK 500 Rect(720, 1632 - 1080, 1776) 69502718793179
159 BACK 69503639199742
160 CLICK 500 Rect(360, 1632 - 720, 1776) 69504306438491
161 CLICK 0 Rect(344, 1447 - 638, 1591) 69505338728438
162 CLICK 500 Rect(225, 974 - 460, 1118) 69514905503330
163 CLICK 500 Rect(513, 641 - 744, 785) 69516335362549
164 CLICK 500 Rect(720, 1632 - 1080, 1776) 69517792080777
165 BACK 69518720821663
166 CLICK 500 Rect(0, 1632 - 360, 1776) 69519438647757
167 CLICK 500 Rect(0, 72 - 168, 240) 69520624621141
168 SCROLL_TOP_DOWN 0 Rect(0, 72 - 720, 1776) 69521567534630
169 CLICK 0 Rect(0, 1368 - 720, 1512) 69522415017702
170 CLICK 0 Rect(0, 360 - 561, 504) 69523614574317
171 SCROLL_TOP_DOWN 500 Rect(0, 384 - 1080, 1776) 69525332621660
172 SCROLL_TOP_DOWN 500 Rect(0, 384 - 1080, 1776) 69526427706920
173 SCROLL_TOP_DOWN 500 Rect(0, 384 - 1080, 1776) 69530880669262
174 CLICK 500 Rect(0, 240 - 159, 378) 69534118830042
175 SCROLL_LEFT_RIGHT 500 Rect(0, 384 - 1080, 1776) 69537304643010
176 SCROLL_TOP_DOWN 500 Rect(0, 384 - 1137, 1629) 69540511465717
177 SCROLL_RIGHT_LEFT 500 Rect(0, 384 - 1137, 1629) 69543764323267
178 SCROLL_LEFT_RIGHT 500 Rect(-57, 384 - 1080, 1629) 69548224944672
179 SCROLL_RIGHT_LEFT 500 Rect(0, 384 - 1080, 1776) 69552663064098
180 CLICK 500 Rect(0, 1632 - 1080, 1776) 69557285008054
181 CLICK 500 Rect(24, 1203 - 330, 1251) 69561894502219
182 SCROLL_BOTTOM_UP 500 Rect(0, 384 - 1137, 1629) 69566390057218
183 CLICK 500 Rect(936, 84 - 1080, 228) 69571306829559
184 CLICK 500 Rect(240, 100 - 936, 208) 69573276997475
185 CLICK 500 Rect(0, 1632 - 1080, 1776) 69574284520079
186 SCROLL_RIGHT_LEFT 500 Rect(0, 384 - 1080, 1776) 69575254684609
187 SCROLL_TOP_DOWN 0 Rect(0, 384 - 1080, 1776) 69576464313880
188 SCROLL_TOP_DOWN 0 Rect(0, 384 - 1080, 1776) 69581142379920
189 SCROLL_TOP_DOWN 0 Rect(0, 384 - 1080, 1629) 69583965169293
190 SCROLL_BOTTOM_UP 500 Rect(0, 384 - 1080, 1776) 69585792705283
191 BACK 69589054206167
192 CLICK 0 Rect(936, 84 - 1080, 228) 69590631347416
193 CLICK 0 Rect(0, 1632 - 1080, 1776) 69768433411828
194 SCROLL_RIGHT_LEFT 500 Rect(0, 384 - 1080, 1629) 69775081889846
195 SCROLL_RIGHT_LEFT 500 Rect(0, 384 - 1080, 1776) 69776587168179
196 CLICK 500 Rect(0, 72 - 168, 240) 69778099574271
197 CLICK 500 Rect(0, 648 - 720, 792) 69779066005885
198 CLICK 500 Rect(960, 84 - 1080, 228) 69781654743906
199 BACK 69782553488749
200 CLICK 500 Rect(48, 387 - 527, 531) 69782962152760
201 CLICK 500 Rect(912, 252 - 1008, 372) 69784145692030
202 CLICK 500 Rect(48, 252 - 192, 372) 69785435575831
203 CLICK 500 Rect(554, 387 - 1032, 531) 69786460185259
204 SCROLL_TOP_DOWN 500 Rect(48, 860 - 1032, 882) 69791635394475
205 CLICK 500 Rect(48, 860 - 1032, 882) 69792850050412
206 BACK 69793842110360
207 SCROLL_BOTTOM_UP 500 Rect(0, 240 - 1080, 882) 69794270380099
208 CLICK 500 Rect(48, 704 - 1032, 824) 69795661905151
209 SCROLL_RIGHT_LEFT 500 Rect(48, 762 - 1032, 882) 69797010772442
210 BACK 69798202375723
211 SCROLL_RIGHT_LEFT 500 Rect(48, 474 - 1032, 594) 69798670104889
212 CLICK 500 Rect(48, 618 - 888, 762) 69799798710618
213 SCROLL_RIGHT_LEFT 0 Rect(48, 474 - 1032, 594) 69801003574419
214 CLICK 500 Rect(55, 743 - 888, 887) 69801602466867
215 SCROLL_RIGHT_LEFT 500 Rect(48, 474 - 1032, 594) 69802718811659
216 CLICK 0 Rect(48, 762 - 888, 906) 69803812869262
217 SCROLL_TOP_DOWN 500 Rect(48, 1194 - 1032, 1314) 69804448786554
218 SCROLL_LEFT_RIGHT 500 Rect(48, 572 - 1032, 692) 69805689355199
219 CLICK 500 Rect(48, 572 - 888, 1004) 69806758139626
220 SCROLL_BOTTOM_UP 500 Rect(48, 572 - 1032, 692) 69807841531813
221 SCROLL_LEFT_RIGHT 500 Rect(704, 1147 - 1032, 1291) 69809218322177
222 SCROLL_RIGHT_LEFT 500 Rect(704, 1294 - 1032, 1438) 69810506756290
223 SCROLL_LEFT_RIGHT 500 Rect(48, 1462 - 317, 1582) 69811823679624
224 CLICK 500 Rect(82, 277 - 178, 397) 69813225214779
225 SCROLL_TOP_DOWN 500 Rect(48, 853 - 1032, 973) 69814379448060
226 SCROLL_BOTTOM_UP 0 Rect(48, 572 - 1032, 692) 69815706988945
227 SCROLL_TOP_DOWN 500 Rect(48, 884 - 1032, 1004) 69817231929309
228 SCROLL_BOTTOM_UP 500 Rect(48, 572 - 1032, 692) 69818524244569
229 SCROLL_TOP_DOWN 500 Rect(0, 240 - 1080, 1629) 69820255671912
230 SCROLL_BOTTOM_UP 500 Rect(48, 572 - 1032, 692) 69821528161703
231 SCROLL_RIGHT_LEFT 500 Rect(48, 1435 - 317, 1555) 69822900817276
232 SCROLL_BOTTOM_UP 500 Rect(376, 1267 - 704, 1411) 69824226790191
233 CLICK 500 Rect(376, 401 - 704, 545) 69825521604514
234 CLICK 500 Rect(376, 401 - 560, 521) 69826441394306
235 CLICK 0 Rect(376, 401 - 704, 545) 69827533522274
236 CLICK 500 Rect(387, 620 - 560, 740) 69827982111388
237 CLICK 0 Rect(376, 401 - 704, 545) 69829035411700
238 CLICK 500 Rect(386, 501 - 560, 621) 69829470544669
239 CLICK 3461 Rect(376, 401 - 704, 545) 69830567998107
240 CLICK 0 Rect(376, 401 - 560, 521) 69834558882896
241 CLICK 0 Rect(376, 401 - 704, 545) 69835124171437
242 CLICK 500 Rect(384, 401 - 560, 747) 69835560018313
243 SCROLL_BOTTOM_UP 500 Rect(376, 401 - 704, 545) 69836641496124
244 CLICK 500 Rect(48, 1017 - 1032, 1137) 69837864659041
245 CLICK 500 Rect(48, 1305 - 888, 1449) 69838787769978
246 CLICK 0 Rect(48, 1017 - 1032, 1137) 69839917494873
247 CLICK 500 Rect(59, 1017 - 888, 1118) 69840379545186
248 CLICK 0 Rect(48, 1017 - 1032, 1137) 69841453822269
249 CLICK 500 Rect(58, 1407 - 888, 1551) 69841887155289
250 CLICK 0 Rect(48, 1017 - 1032, 1137) 69842930070914
251 CLICK 500 Rect(58, 1119 - 888, 1263) 69843388928570
252 CLICK 0 Rect(48, 1017 - 1032, 1137) 69844525989507
253 CLICK 500 Rect(62, 1017 - 888, 1529) 69844991029767
254 SCROLL_TOP_DOWN 500 Rect(0, 240 - 1080, 1629) 69846111116902
255 SCROLL_BOTTOM_UP 500 Rect(48, 572 - 1032, 692) 69847351243204
256 SCROLL_BOTTOM_UP 500 Rect(376, 1306 - 704, 1450) 69848753599870
257 CLICK 500 Rect(48, 1161 - 1032, 1297) 69850084733462
258 CLICK 500 Rect(816, 84 - 960, 228) 69851182632941
259 SCROLL_RIGHT_LEFT 500 Rect(48, 602 - 1032, 722) 69852439593774
260 CLICK 0 Rect(48, 1161 - 1032, 1297) 69853691975701
261 SCROLL_BOTTOM_UP 500 Rect(0, 240 - 1080, 882) 69854424816118
262 CLICK 500 Rect(48, 544 - 1032, 680) 69855869819294
263 CLICK 0 Rect(48, 1161 - 1032, 1297) 69857232823460
264 SCROLL_BOTTOM_UP 0 Rect(0, 240 - 1080, 882) 69857953577053
265 CLICK 500 Rect(48, 704 - 1032, 840) 69858621092783
266 CLICK 0 Rect(48, 1161 - 1032, 1297) 69859704823772
267 SCROLL_BOTTOM_UP 0 Rect(0, 240 - 1080, 882) 69860234033616
268 CLICK 500 Rect(48, 864 - 1032, 882) 69860998779605
269 SCROLL_LEFT_RIGHT 500 Rect(376, 240 - 704, 321) 69862252717625
270 CLICK 0 Rect(48, 1161 - 1032, 1297) 69863541132521
271 SCROLL_BOTTOM_UP 0 Rect(0, 240 - 1080, 882) 69864296178822
272 CLICK 0 Rect(48, 762 - 1032, 882) 69865202895385
273 CLICK 0 Rect(48, 1161 - 1032, 1297) 69865953435957
274 SCROLL_BOTTOM_UP 0 Rect(0, 240 - 1080, 882) 69866724143665
275 CLICK 0 Rect(48, 414 - 1032, 550) 69867468196009
276 BACK 69868080066321
277 CLICK 500 Rect(48, 1321 - 1032, 1457) 69868601343039
278 SCROLL_RIGHT_LEFT 500 Rect(48, 442 - 1032, 562) 69869973962986
279 BACK 69871180451111
280 SCROLL_BOTTOM_UP 500 Rect(48, 442 - 1032, 562) 69871591985434
281 CLICK 500 Rect(0, 885 - 1080, 1029) 69872833906996
282 SCROLL_RIGHT_LEFT 500 Rect(48, 1280 - 1032, 1400) 69873989971735
283 CLICK 0 Rect(48, 824 - 888, 1400) 69875130051058
284 CLICK 500 Rect(48, 240 - 1032, 376) 69875784566578
285 SCROLL_RIGHT_LEFT 0 Rect(48, 560 - 1032, 680) 69877361893870
286 CLICK 500 Rect(0, 885 - 1080, 1029) 69880179916994
287 CLICK 500 Rect(48, 252 - 650, 340) 69881517523868
288 CLICK 500 Rect(0, 1224 - 720, 1368) 69882477140586
289 SCROLL_TOP_DOWN 500 Rect(0, 72 - 82, 1776) 69883732881680
290 CLICK 500 Rect(0, 960 - 1080, 1101) 69885224595481
291 CLICK 500 Rect(0, 72 - 168, 240) 69886228020898
292 SCROLL_TOP_DOWN 500 Rect(0, 72 - 720, 1776) 69887305175272
293 CLICK 500 Rect(0, 216 - 720, 360) 69888487304386
294 BACK 69892935018603
295 CLICK 500 Rect(48, 1447 - 341, 1591) 69893575250529
296 CLICK 500 Rect(720, 1632 - 1080, 1776) 69894857398446
297 BACK 69895791315425
298 CLICK 500 Rect(344, 1300 - 638, 1444) 69896644033237
299 CLICK 500 Rect(344, 1447 - 638, 1591) 69897986807924
300 CLICK 500 Rect(48, 1300 - 341, 1444) 69899348471935
301 CLICK 500 Rect(641, 1152 - 1029, 1249) 69900719205007
302 CLICK 500 Rect(641, 952 - 1029, 1613) 69902085180162
303 CLICK 500 Rect(242, 1089 - 444, 1329) 69903391894380
304 CLICK 500 Rect(912, 559 - 984, 671) 69904492342557
305 CLICK 500 Rect(84, 547 - 900, 683) 69905840002869
306 CLICK 0 Rect(84, 547 - 900, 683) 69907112744327
307 CLICK 500 Rect(744, 707 - 960, 851) 69908085896722
308 CLICK 500 Rect(0, 1632 - 360, 1776) 69909662621670
309 CLICK 500 Rect(960, 84 - 1080, 228) 69911013998075
310 BACK 69911959007138
311 CLICK 500 Rect(48, 1447 - 341, 1591) 69915228233439
312 CLICK 500 Rect(360, 1632 - 720, 1776) 69916590592813
313 CLICK 500 Rect(48, 606 - 341, 750) 69917829122969
314 CLICK 500 Rect(641, 952 - 1029, 1049) 69919101313906
315 CLICK 500 Rect(48, 606 - 341, 750) 69920365887082
316 CLICK 500 Rect(641, 258 - 1029, 355) 69921664870936
317 CLICK 2866 Rect(48, 606 - 341, 750) 69922958189582
318 CLICK 500 Rect(720, 1632 - 1080, 1776) 69926609472601
319 BACK 69927546377808
320 CLICK 500 Rect(48, 753 - 341, 897) 69928583949319
321 CLICK 500 Rect(672, 84 - 816, 228) 69929923135672
322 CLICK 500 Rect(48, 1225 - 341, 1369) 69932785789838
323 CLICK 500 Rect(344, 1300 - 638, 1444) 69934217938535
324 CLICK 500 Rect(641, 952 - 1029, 1613) 69935640370827
325 CLICK 500 Rect(720, 1632 - 1080, 1776) 69936868775982
326 BACK 69937784598898
327 CLICK 500 Rect(344, 1300 - 638, 1444) 69938760058899
328 CLICK 500 Rect(48, 1447 - 341, 1591) 69940059142075
329 CLICK 500 Rect(344, 1447 - 638, 1591) 69941369314210
330 CLICK 500 Rect(960, 84 - 1080, 228) 69942670137959
331 CLICK 500 Rect(480, 228 - 1068, 372) 69943650855980
332 CLICK 500 Rect(156, 1057 - 252, 1201) 69945350750198
333 CLICK 500 Rect(960, 84 - 1080, 228) 69946400379573
334 CLICK 500 Rect(480, 372 - 1068, 516) 69947419437905
335 CLICK 500 Rect(48, 1085 - 341, 1229) 69949877147748
336 CLICK 500 Rect(0, 240 - 540, 384) 69950979918321
337 CLICK 500 Rect(344, 1232 - 638, 1376) 69952010493425
338 CLICK 500 Rect(267, 874 - 418, 1114) 69953123264465
339 CLICK 0 Rect(744, 707 - 960, 851) 69954227403267
340 CLICK 500 Rect(344, 1085 - 638, 1229) 69954911470924
341 CLICK 500 Rect(109, 1461 - 577, 1605) 69956042027590
342 CLICK 500 Rect(0, 1632 - 270, 1776) 69957134010558
343 CLICK 500 Rect(540, 1632 - 810, 1776) 69958110457120
344 CLICK 500 Rect(810, 1632 - 1080, 1776) 69959175786546
345 BACK 69960087336598
346 CLICK 500 Rect(816, 84 - 960, 228) 69960864631650
347 CLICK 500 Rect(672, 84 - 816, 228) 69961909117692
348 CLICK 500 Rect(960, 84 - 1080, 228) 69964057469878
349 CLICK 500 Rect(480, 516 - 1068, 660) 69965013458524
350 SCROLL_RIGHT_LEFT 500 Rect(433, 252 - 1032, 324) 69968158604095
351 SCROLL_TOP_DOWN 500 Rect(433, 252 - 1032, 324) 69969240046230
352 CLICK 500 Rect(381, 512 - 1032, 648) 69970342336646
353 SCROLL_BOTTOM_UP 500 Rect(433, 252 - 1032, 324) 69971420868051
354 CLICK 500 Rect(433, 252 - 1032, 324) 69972638509978
355 CLICK 500 Rect(433, 252 - 888, 396) 69973603042791
356 CLICK 0 Rect(433, 252 - 1032, 324) 69974656400447
357 CLICK 500 Rect(436, 387 - 888, 531) 69975158492895
358 CLICK 0 Rect(433, 252 - 1032, 324) 69976219016280
359 CLICK 500 Rect(434, 539 - 888, 683) 69976761081957
360 CLICK 0 Rect(433, 252 - 1032, 324) 69977770991696
361 CLICK 0 Rect(434, 538 - 888, 682) 69978294934821
362 CLICK 0 Rect(433, 252 - 1032, 324) 69979063063466
363 CLICK 0 Rect(435, 391 - 888, 535) 69979557965914
364 CLICK 0 Rect(433, 252 - 1032, 324) 69980226165393
365 CLICK 0 Rect(435, 252 - 888, 391) 69980672921695
366 CLICK 0 Rect(433, 252 - 1032, 324) 69981444091850
367 CLICK 0 Rect(434, 394 - 888, 538) 69981954489142
368 CLICK 0 Rect(433, 252 - 1032, 324) 69983097246694
369 CLICK 0 Rect(433, 540 - 888, 684) 69983742904663
370 CLICK 0 Rect(433, 252 - 1032, 324) 69984434534766
371 CLICK 0 Rect(435, 252 - 888, 391) 69984933269193
372 CLICK 0 Rect(433, 252 - 1032, 324) 69986023656016
373 CLICK 500 Rect(436, 252 - 888, 675) 69986528777526
374 CLICK 500 Rect(816, 84 - 960, 228) 69987564138723
375 CLICK 500 Rect(84, 481 - 900, 617) 69988745102369
376 CLICK 500 Rect(744, 641 - 960, 785) 69989926279191
377 SCROLL_TOP_DOWN 500 Rect(433, 252 - 1032, 324) 69990980310441
378 CLICK 500 Rect(0, 72 - 168, 240) 69992506461481
379 CLICK 500 Rect(0, 1656 - 720, 1776) 69993624876586
380 CLICK 500 Rect(0, 72 - 168, 240) 69998543669917
381 CLICK 500 Rect(0, 1512 - 720, 1656) 69999560042833
382 CLICK 500 Rect(120, 1512 - 418, 1656) 70005546781216
383 SCROLL_RIGHT_LEFT 500 Rect(511, 852 - 1068, 996) 70006563589185
384 SCROLL_LEFT_RIGHT 500 Rect(513, 340 - 1068, 484) 70007761914184
385 CLICK 500 Rect(513, 340 - 924, 1632) 70008883481371
386 SCROLL_LEFT_RIGHT 0 Rect(513, 340 - 1068, 484) 70009931849548
387 CLICK 500 Rect(523, 810 - 924, 954) 70010590741683
388 SCROLL_LEFT_RIGHT 0 Rect(513, 340 - 1068, 484) 70011629245225
389 SCROLL_TOP_DOWN 500 Rect(527, 340 - 924, 1476) 70012265530381
390 SCROLL_BOTTOM_UP 500 Rect(513, 340 - 924, 1632) 70013401055380
391 BACK 70014554062046
392 SCROLL_TOP_DOWN 500 Rect(511, 852 - 1068, 996) 70015034072046
393 SCROLL_RIGHT_LEFT 500 Rect(513, 340 - 1068, 484) 70016313794546
394 CLICK 500 Rect(389, 508 - 1068, 652) 70017491251108
395 CLICK 500 Rect(48, 1618 - 163, 1691) 70018656309492
396 CLICK 500 Rect(48, 413 - 1032, 486) 70019659555586
397 CLICK 500 Rect(0, 72 - 168, 240) 70020739703919
398 CLICK 500 Rect(0, 1368 - 720, 1512) 70021758128711
399 CLICK 500 Rect(0, 72 - 300, 1776) 70023478369231
400 SCROLL_BOTTOM_UP 500 Rect(0, 384 - 1080, 1776) 70025316636573
401 CLICK 500 Rect(0, 72 - 168, 240) 70026464578396
402 CLICK 500 Rect(0, 72 - 720, 1776) 70027466490531
403 CLICK 0 Rect(0, 72 - 168, 240) 70028440982301
404 CLICK 500 Rect(0, 387 - 1080, 531) 70028886248134
405 CLICK 500 Rect(0, 72 - 720, 1776) 70029916891884
406 CLICK 0 Rect(0, 72 - 168, 240) 70030850613186
407 CLICK 500 Rect(192, 252 - 888, 372) 70031328967665
408 CLICK 500 Rect(0, 72 - 720, 1776) 70032304848550
409 CLICK 0 Rect(0, 72 - 168, 240) 70033301846050
410 CLICK 500 Rect(0, 72 - 168, 240) 70033742849851
411 CLICK 500 Rect(0, 72 - 720, 1776) 70034762509799
412 CLICK 0 Rect(0, 72 - 168, 240) 70035765642924
413 CLICK 500 Rect(912, 252 - 1008, 372) 70036220482297
414 CLICK 2441 Rect(0, 72 - 168, 240) 70037139891361
415 SCROLL_TOP_DOWN 500 Rect(0, 72 - 720, 1776) 70040116605109
416 SCROLL_BOTTOM_UP 0 Rect(0, 72 - 720, 1776) 70041310027661
417 SCROLL_TOP_DOWN 500 Rect(0, 72 - 720, 1776) 70042040917713
418 SCROLL_TOP_DOWN 500 Rect(0, 72 - 720, 1776) 70043257336879
419 CLICK 500 Rect(0, 72 - 720, 1776) 70044452396826
420 CLICK 0 Rect(48, 252 - 192, 372) 70045415303128
421 CLICK 0 Rect(912, 252 - 1008, 372) 70046001003337
422 CLICK 0 Rect(912, 252 - 1008, 372) 70046592793180
423 CLICK 0 Rect(0, 387 - 1080, 531) 70047251434013
424 CLICK 0 Rect(816, 84 - 960, 228) 70047891422450
425 CLICK 0 Rect(84, 856 - 996, 989) 70048348358336
426 BACK 70048759724325
427 CLICK 0 Rect(672, 84 - 816, 228) 70049197958857
428 CLICK 0 Rect(192, 252 - 888, 372) 70050904021564
429 CLICK 0 Rect(912, 252 - 1008, 372) 70051688778439
430 CLICK 0 Rect(0, 387 - 1080, 531) 70052403758230
431 SCROLL_BOTTOM_UP 500 Rect(48, 860 - 1032, 882) 70062660954007
432 CLICK 500 Rect(48, 400 - 540, 536) 70064060386351
433 SCROLL_BOTTOM_UP 500 Rect(48, 560 - 1032, 680) 70065679665829
434 SCROLL_RIGHT_LEFT 500 Rect(704, 1180 - 1032, 1324) 70067187121661
435 CLICK 500 Rect(704, 1180 - 1032, 1324) 70068724738380
436 CLICK 0 Rect(704, 528 - 888, 648) 70069739657495
437 CLICK 500 Rect(376, 1180 - 704, 1324) 70073811322076
438 CLICK 0 Rect(376, 1300 - 560, 1420) 70075067106971
439 SCROLL_BOTTOM_UP 500 Rect(704, 1327 - 1032, 1471) 70076182905460
440 SCROLL_LEFT_RIGHT 500 Rect(48, 1017 - 1032, 1137) 70077651244678
441 CLICK 0 Rect(48, 1305 - 888, 1449) 70078859875980
442 CLICK 500 Rect(672, 84 - 816, 228) 70079540709209
443 CLICK 500 Rect(246, 1568 - 342, 1629) 70080956394521
444 CLICK 500 Rect(48, 400 - 540, 536) 70082092960771
445 CLICK 500 Rect(738, 1136 - 834, 1256) 70083770597905
446 CLICK 500 Rect(410, 1136 - 506, 1256) 70084906393894
447 CLICK 500 Rect(48, 560 - 1032, 680) 70086043573215
448 BACK 70087042701967
449 SCROLL_TOP_DOWN 500 Rect(48, 1280 - 1032, 1400) 70087654637643
450 SCROLL_LEFT_RIGHT 500 Rect(48, 860 - 1032, 980) 70088977159205
451 BACK 70090111369674
452 SCROLL_RIGHT_LEFT 500 Rect(48, 572 - 1032, 692) 70090926213319
453 CLICK 0 Rect(48, 572 - 888, 1004) 70092077957955
454 CLICK 500 Rect(574, 1148 - 670, 1268) 70092723300194
455 CLICK 500 Rect(48, 860 - 1032, 980) 70093900858369
456 CLICK 0 Rect(48, 1004 - 888, 1148) 70094853196964
457 SCROLL_BOTTOM_UP 500 Rect(48, 860 - 1032, 980) 70095587266755
458 CLICK 500 Rect(48, 1024 - 538, 1144) 70097014834879
459 CLICK 500 Rect(744, 1465 - 960, 1609) 70098087541337
460 CLICK 0 Rect(48, 1024 - 538, 1144) 70099315513784
461 CLICK 500 Rect(156, 697 - 252, 841) 70099867542690
462 CLICK 500 Rect(84, 1129 - 996, 1273) 70100863017170
463 BACK 70101847293835
464 SCROLL_TOP_DOWN 500 Rect(48, 1328 - 1032, 1448) 70102504683315
465 CLICK 500 Rect(738, 417 - 834, 537) 70104021525710
466 SCROLL_TOP_DOWN 500 Rect(704, 1287 - 1032, 1431) 70105274700970
467 SCROLL_BOTTOM_UP 0 Rect(48, 860 - 1032, 980) 70106600248678
468 SCROLL_RIGHT_LEFT 500 Rect(704, 739 - 1032, 883) 70108308244615
469 CLICK 500 Rect(48, 240 - 1032, 356) 70109651584770
470 CLICK 500 Rect(48, 236 - 888, 380) 70110581487842
471 CLICK 0 Rect(48, 240 - 1032, 356) 70111753096384
472 CLICK 500 Rect(56, 369 - 888, 513) 70112254312842
473 CLICK 0 Rect(48, 240 - 1032, 356) 70113444248258
474 CLICK 0 Rect(58, 236 - 888, 364) 70113938562165
475 CLICK 0 Rect(48, 240 - 1032, 356) 70114633144717
476 CLICK 500 Rect(58, 236 - 888, 508) 70115152152164
477 SCROLL_TOP_DOWN 500 Rect(48, 1293 - 1032, 1413) 70116344136643
478 SCROLL_TOP_DOWN 500 Rect(0, 240 - 1080, 1629) 70117817859976
479 SCROLL_BOTTOM_UP 500 Rect(48, 860 - 1032, 980) 70119108329715
480 SCROLL_BOTTOM_UP 500 Rect(376, 680 - 704, 824) 70121059797891
481 CLICK 0 Rect(960, 84 - 1080, 228) 70122380114506
482 CLICK 500 Rect(602, 166 - 1068, 310) 70141683488821
483 SCROLL_BOTTOM_UP 500 Rect(48, 569 - 317, 689) 70143206815434
484 SCROLL_RIGHT_LEFT 500 Rect(48, 1017 - 1032, 1137) 70144784367101
485 BACK 70145997178819
486 SCROLL_BOTTOM_UP 500 Rect(376, 240 - 704, 251) 70147042387360
487 SCROLL_BOTTOM_UP 500 Rect(704, 240 - 1032, 251) 70148479688715
488 CLICK 500 Rect(704, 254 - 1032, 398) 70149861135849
489 CLICK 500 Rect(704, 854 - 888, 974) 70150879097150
490 SCROLL_RIGHT_LEFT 500 Rect(704, 240 - 1032, 251) 70152069453713
491 SCROLL_BOTTOM_UP 500 Rect(376, 401 - 704, 545) 70153511857619
492 CLICK 500 Rect(317, 569 - 1032, 689) 70154929469649
493 SCROLL_RIGHT_LEFT 500 Rect(704, 254 - 1032, 398) 70156165684179
494 CLICK 0 Rect(317, 569 - 1032, 689) 70157562808815
495 SCROLL_TOP_DOWN 500 Rect(0, 240 - 1080, 882) 70158158196888
496 SCROLL_TOP_DOWN 500 Rect(48, 572 - 1032, 692) 70159484634074
497 CLICK 500 Rect(82, 1580 - 178, 1629) 70160700071522
498 CLICK 500 Rect(672, 84 - 816, 228) 70161720005637
499 BACK 70162744070427
500 SCROLL_LEFT_RIGHT 0 Rect(48, 572 - 1032, 692) 70163237893188
501 CLICK 0 Rect(53, 847 - 888, 991) 70163843422614
502 CLICK 0 Rect(48, 1292 - 1032, 1412) 70164623399593
503 CLICK 0 Rect(58, 1310 - 888, 1412) 70165138860843
504 SCROLL_BOTTOM_UP 500 Rect(48, 860 - 1032, 980) 70165653737666
505 SCROLL_RIGHT_LEFT 500 Rect(48, 1204 - 1032, 1324) 70167001274489
506 BACK 70168159081988
507 SCROLL_LEFT_RIGHT 500 Rect(376, 588 - 704, 732) 70168875531362
508 CLICK 500 Rect(704, 588 - 1032, 732) 70170103221674
509 CLICK 2546 Rect(704, 708 - 888, 828) 70171099172768
510 CLICK 0 Rect(704, 588 - 1032, 732) 70174231206361
511 CLICK 500 Rect(715, 743 - 888, 863) 70183215290992
512 SCROLL_RIGHT_LEFT 500 Rect(48, 240 - 1032, 267) 70184459983961
513 BACK 70185543149064
514 SCROLL_LEFT_RIGHT 500 Rect(376, 294 - 704, 438) 70186252139324
515 SCROLL_RIGHT_LEFT 500 Rect(48, 756 - 317, 876) 70187651453595
516 CLICK 500 Rect(48, 240 - 1032, 267) 70189147174114
517 BACK 70190059969739
518 CLICK 500 Rect(48, 1044 - 1032, 1180) 70190732676249
519 SCROLL_BOTTOM_UP 500 Rect(48, 400 - 1032, 520) 70191797409166
520 CLICK 500 Rect(376, 240 - 704, 251) 70193141898123
521 CLICK 500 Rect(376, 227 - 560, 347) 70194054957342
522 SCROLL_BOTTOM_UP 500 Rect(704, 240 - 1032, 251) 70195471662759
523 CLICK 500 Rect(541, 713 - 1032, 833) 70196888277967
524 CLICK 500 Rect(744, 1321 - 960, 1465) 70197906880830
525 CLICK 0 Rect(541, 713 - 1032, 833) 70199103692912
526 CLICK 500 Rect(156, 697 - 252, 841) 70199572467704
527 CLICK 500 Rect(84, 1129 - 996, 1273) 70200545436245
528 BACK 70201494055204
529 CLICK 500 Rect(0, 72 - 168, 240) 70202199766871
530 CLICK 500 Rect(0, 72 - 720, 1776) 70203155357339
531 CLICK 0 Rect(0, 387 - 1080, 531) 70204076112130
532 CLICK 0 Rect(0, 387 - 1080, 531) 70204517307390
533 CLICK 0 Rect(48, 252 - 192, 372) 70204909748328
534 CLICK 500 Rect(0, 387 - 1080, 531) 70205363845932
535 CLICK 0 Rect(192, 252 - 888, 372) 70206304684004
536 CLICK 0 Rect(816, 84 - 960, 228) 70207122403900
537 CLICK 0 Rect(513, 1037 - 744, 1181) 70207546919993
538 CLICK 500 Rect(0, 387 - 1080, 531) 70208007806712
539 SCROLL_LEFT_RIGHT 500 Rect(48, 572 - 1032, 692) 70213209482335
540 CLICK 500 Rect(48, 860 - 888, 1004) 70214499794313
541 CLICK 500 Rect(960, 84 - 1080, 228) 70216170451449
542 BACK 70217335919937
543 CLICK 500 Rect(816, 84 - 960, 228) 70217877041708
544 CLICK 500 Rect(0, 72 - 168, 240) 70219012040510
545 SCROLL_BOTTOM_UP 0 Rect(0, 72 - 720, 1776) 70220012806707
546 CLICK 500 Rect(0, 72 - 720, 134) 70220759524468
547 CLICK 500 Rect(0, 1632 - 1080, 1776) 70243189289668
